#
# A fatal error has been detected by the Java Runtime Environment:
#
#  EXCEPTION_ACCESS_VIOLATION (0xc0000005) at pc=0x4b7d2844, pid=3160, tid=4604
#
# JRE version: 6.0_25-b06
# Java VM: Java HotSpot(TM) Client VM (20.0-b11 mixed mode windows-x86 )
# Problematic frame:
# C  [ig4icd32.dll+0x2e2844]
#
# If you would like to submit a bug report, please visit:
#   http://java.sun.com/webapps/bugreport/crash.jsp
# The crash happened outside the Java Virtual Machine in native code.
# See problematic frame for where to report the bug.
#

---------------  T H R E A D  ---------------

Current thread (0x00609800):  JavaThread "main" [_thread_in_native, id=4604, stack(0x02390000,0x023e0000)]

siginfo: ExceptionCode=0xc0000005, reading address 0x00000000

Registers:
EAX=0x4d6ed6e0, EBX=0x4d6ed450, ECX=0x00000000, EDX=0x00000000
ESP=0x023def08, EBP=0x023defe4, ESI=0x4d6ed69c, EDI=0x023def84
EIP=0x4b7d2844, EFLAGS=0x00210206

Top of Stack: (sp=0x023def08)
0x023def08:   00000000 4c42005c 023df060 4c429b48
0x023def18:   00000001 01000000 023def90 00000000
0x023def28:   4d6ed69c 00000000 00000000 4c42005c
0x023def38:   00000000 00000000 00000540 00000000
0x023def48:   3f000000 00000000 3f000000 4c4323b8
0x023def58:   4d6ed69c 00000001 00000002 00000002
0x023def68:   00000000 023defe0 00000000 00000000
0x023def78:   4c42272c 00000000 00000001 00000000 

Instructions: (pc=0x4b7d2844)
0x4b7d2824:   84 c0 0f 84 8b 00 00 00 8b 74 24 20 8b 46 58 8b
0x4b7d2834:   48 04 0f af 4c 24 28 8b 54 24 30 8d 0c 91 8b 10
0x4b7d2844:   8b 04 11 8b c8 c1 e9 10 81 e1 ff 00 00 00 89 4c
0x4b7d2854:   24 14 8b d0 c1 ea 08 db 44 24 14 81 e2 ff 00 00 


Register to memory mapping:

EAX=0x4d6ed6e0 is an unknown value
EBX=0x4d6ed450 is an unknown value
ECX=0x00000000 is an unknown value
EDX=0x00000000 is an unknown value
ESP=0x023def08 is pointing into the stack for thread: 0x00609800
EBP=0x023defe4 is pointing into the stack for thread: 0x00609800
ESI=0x4d6ed69c is an unknown value
EDI=0x023def84 is pointing into the stack for thread: 0x00609800


Stack: [0x02390000,0x023e0000],  sp=0x023def08,  free space=315k
Native frames: (J=compiled Java code, j=interpreted, Vv=VM code, C=native code)
C  [ig4icd32.dll+0x2e2844]

Java frames: (J=compiled Java code, j=interpreted, Vv=VM code)
J  org.lwjgl.opengl.GL11.nglTranslatef(FFFJ)V
J  org.newdawn.slick.Image.draw(FFFFLorg/newdawn/slick/Color;)V
J  org.newdawn.slick.Image.draw(FFFF)V
j  Graphics.Camera.BodyCamera.render(Lorg/newdawn/slick/Graphics;)V+208
j  States.Game.RaceMode.RaceMode.render(Lorg/newdawn/slick/Graphics;)V+4
j  States.Game.StateGame.render(Lorg/newdawn/slick/GameContainer;Lorg/newdawn/slick/state/StateBasedGame;Lorg/newdawn/slick/Graphics;)V+10
j  org.newdawn.slick.state.StateBasedGame.render(Lorg/newdawn/slick/GameContainer;Lorg/newdawn/slick/Graphics;)V+54
j  org.newdawn.slick.GameContainer.updateAndRender(I)V+310
j  org.newdawn.slick.AppGameContainer.gameLoop()V+33
j  org.newdawn.slick.AppGameContainer.start()V+17
j  main.Main.main([Ljava/lang/String;)V+74
v  ~StubRoutines::call_stub

---------------  P R O C E S S  ---------------

Java Threads: ( => current thread )
  0x4ac3d000 JavaThread "AWT-Windows" daemon [_thread_in_native, id=5008, stack(0x4b4a0000,0x4b4f0000)]
  0x4abf7000 JavaThread "Java2D Disposer" daemon [_thread_blocked, id=4996, stack(0x4b070000,0x4b0c0000)]
  0x024cb400 JavaThread "Low Memory Detector" daemon [_thread_blocked, id=4732, stack(0x4aa50000,0x4aaa0000)]
  0x024c7000 JavaThread "C1 CompilerThread0" daemon [_thread_blocked, id=2272, stack(0x4a9c0000,0x4aa10000)]
  0x024c6000 JavaThread "Attach Listener" daemon [_thread_blocked, id=2616, stack(0x4a930000,0x4a980000)]
  0x024c3000 JavaThread "Signal Dispatcher" daemon [_thread_blocked, id=580, stack(0x4a8a0000,0x4a8f0000)]
  0x02497c00 JavaThread "Finalizer" daemon [_thread_blocked, id=604, stack(0x4a810000,0x4a860000)]
  0x02493000 JavaThread "Reference Handler" daemon [_thread_blocked, id=1128, stack(0x4a780000,0x4a7d0000)]
=>0x00609800 JavaThread "main" [_thread_in_native, id=4604, stack(0x02390000,0x023e0000)]

Other Threads:
  0x0248e800 VMThread [stack: 0x4a6f0000,0x4a740000] [id=4540]
  0x024ddc00 WatcherThread [stack: 0x4aae0000,0x4ab30000] [id=4688]

VM state:not at safepoint (normal execution)

VM Mutex/Monitor currently owned by a thread: None

Heap
 def new generation   total 314560K, used 257247K [0x04560000, 0x19ab0000, 0x19ab0000)
  eden space 279616K,  92% used [0x04560000, 0x14097d88, 0x15670000)
  from space 34944K,   0% used [0x15670000, 0x15670000, 0x17890000)
  to   space 34944K,   0% used [0x17890000, 0x17890000, 0x19ab0000)
 tenured generation   total 699072K, used 0K [0x19ab0000, 0x44560000, 0x44560000)
   the space 699072K,   0% used [0x19ab0000, 0x19ab0000, 0x19ab0200, 0x44560000)
 compacting perm gen  total 12288K, used 10619K [0x44560000, 0x45160000, 0x48560000)
   the space 12288K,  86% used [0x44560000, 0x44fbec50, 0x44fbee00, 0x45160000)
No shared spaces configured.

Code Cache  [0x024e0000, 0x02730000, 0x044e0000)
 total_blobs=1257 nmethods=971 adapters=221 free_code_cache=31151104 largest_free_block=0

Dynamic libraries:
0x00400000 - 0x00424000 	C:\Program Files (x86)\Java\jdk1.6.0_25\bin\java.exe
0x77970000 - 0x77af0000 	C:\Windows\SysWOW64\ntdll.dll
0x76270000 - 0x76380000 	C:\Windows\syswow64\kernel32.dll
0x75530000 - 0x75576000 	C:\Windows\syswow64\KERNELBASE.dll
0x75e00000 - 0x75ea0000 	C:\Windows\syswow64\ADVAPI32.dll
0x75950000 - 0x759fc000 	C:\Windows\syswow64\msvcrt.dll
0x75610000 - 0x75629000 	C:\Windows\SysWOW64\sechost.dll
0x77360000 - 0x77450000 	C:\Windows\syswow64\RPCRT4.dll
0x754d0000 - 0x75530000 	C:\Windows\syswow64\SspiCli.dll
0x754c0000 - 0x754cc000 	C:\Windows\syswow64\CRYPTBASE.dll
0x7c340000 - 0x7c396000 	C:\Program Files (x86)\Java\jdk1.6.0_25\jre\bin\msvcr71.dll
0x6d8a0000 - 0x6db4f000 	C:\Program Files (x86)\Java\jdk1.6.0_25\jre\bin\client\jvm.dll
0x756f0000 - 0x757f0000 	C:\Windows\syswow64\USER32.dll
0x75d70000 - 0x75e00000 	C:\Windows\syswow64\GDI32.dll
0x77940000 - 0x7794a000 	C:\Windows\syswow64\LPK.dll
0x774d0000 - 0x7756d000 	C:\Windows\syswow64\USP10.dll
0x74660000 - 0x74692000 	C:\Windows\system32\WINMM.dll
0x76010000 - 0x76070000 	C:\Windows\system32\IMM32.DLL
0x75c50000 - 0x75d1c000 	C:\Windows\syswow64\MSCTF.dll
0x74e80000 - 0x74ecc000 	C:\Windows\system32\apphelp.dll
0x6d850000 - 0x6d85c000 	C:\Program Files (x86)\Java\jdk1.6.0_25\jre\bin\verify.dll
0x6d3d0000 - 0x6d3ef000 	C:\Program Files (x86)\Java\jdk1.6.0_25\jre\bin\java.dll
0x75940000 - 0x75945000 	C:\Windows\syswow64\PSAPI.DLL
0x6d890000 - 0x6d89f000 	C:\Program Files (x86)\Java\jdk1.6.0_25\jre\bin\zip.dll
0x4ad30000 - 0x4ada2000 	\\home4\dare\Homedrives\A203945\CarneCarne\lib\natives-win32\lwjgl.dll
0x72db0000 - 0x72f4e000 	C:\Windows\WinSxS\x86_microsoft.windows.common-controls_6595b64144ccf1df_6.0.7601.17514_none_41e6975e2bd6f2b2\COMCTL32.dll
0x75a90000 - 0x75ae7000 	C:\Windows\syswow64\SHLWAPI.dll
0x72160000 - 0x72228000 	C:\Windows\system32\OPENGL32.dll
0x72420000 - 0x72442000 	C:\Windows\system32\GLU32.dll
0x70450000 - 0x70537000 	C:\Windows\system32\DDRAW.dll
0x74360000 - 0x74366000 	C:\Windows\system32\DCIMAN32.dll
0x76400000 - 0x7659d000 	C:\Windows\syswow64\SETUPAPI.dll
0x766c0000 - 0x766e7000 	C:\Windows\syswow64\CFGMGR32.dll
0x75630000 - 0x756bf000 	C:\Windows\syswow64\OLEAUT32.dll
0x75af0000 - 0x75c4c000 	C:\Windows\syswow64\ole32.dll
0x763e0000 - 0x763f2000 	C:\Windows\syswow64\DEVOBJ.dll
0x75290000 - 0x752a3000 	C:\Windows\system32\dwmapi.dll
0x75270000 - 0x75279000 	C:\Windows\system32\VERSION.dll
0x6d0b0000 - 0x6d1fb000 	C:\Program Files (x86)\Java\jdk1.6.0_25\jre\bin\awt.dll
0x73fb0000 - 0x74001000 	C:\Windows\system32\WINSPOOL.DRV
0x75250000 - 0x75266000 	C:\Windows\system32\CRYPTSP.dll
0x75210000 - 0x7524b000 	C:\Windows\system32\rsaenh.dll
0x751e0000 - 0x751f7000 	C:\Windows\system32\USERENV.dll
0x752b0000 - 0x752bb000 	C:\Windows\system32\profapi.dll
0x6d6b0000 - 0x6d6c3000 	C:\Program Files (x86)\Java\jdk1.6.0_25\jre\bin\net.dll
0x75ea0000 - 0x75ed5000 	C:\Windows\syswow64\WS2_32.dll
0x77340000 - 0x77346000 	C:\Windows\syswow64\NSI.dll
0x74600000 - 0x7463c000 	C:\Windows\system32\mswsock.dll
0x74590000 - 0x74596000 	C:\Windows\System32\wship6.dll
0x746d0000 - 0x746e0000 	C:\Windows\system32\NLAapi.dll
0x746c0000 - 0x746d0000 	C:\Windows\system32\napinsp.dll
0x746a0000 - 0x746b2000 	C:\Windows\system32\pnrpnsp.dll
0x745b0000 - 0x745f4000 	C:\Windows\system32\DNSAPI.dll
0x745a0000 - 0x745a8000 	C:\Windows\System32\winrnr.dll
0x74580000 - 0x74585000 	C:\Windows\System32\wshtcpip.dll
0x74340000 - 0x7435c000 	C:\Windows\system32\IPHLPAPI.DLL
0x74330000 - 0x74337000 	C:\Windows\system32\WINNSI.DLL
0x750a0000 - 0x750a6000 	C:\Windows\system32\rasadhlp.dll
0x72550000 - 0x72588000 	C:\Windows\System32\fwpuclnt.dll
0x74fb0000 - 0x75030000 	C:\Windows\system32\uxtheme.dll
0x6d2e0000 - 0x6d32f000 	C:\Program Files (x86)\Java\jdk1.6.0_25\jre\bin\fontmanager.dll
0x75140000 - 0x75198000 	C:\Program Files (x86)\Common Files\microsoft shared\ink\tiptsf.dll
0x4b4f0000 - 0x4c2b0000 	C:\Windows\system32\ig4icd32.dll
0x75a00000 - 0x75a83000 	C:\Windows\syswow64\CLBCatQ.DLL
0x723d0000 - 0x7240c000 	C:\Windows\system32\oleacc.dll
0x4b120000 - 0x4b133000 	\\home4\dare\Homedrives\A203945\CarneCarne\lib\natives-win32\jinput-dx8.dll
0x70340000 - 0x70370000 	C:\Windows\system32\DINPUT8.dll
0x720a0000 - 0x720a9000 	C:\Windows\system32\HID.DLL
0x75ee0000 - 0x75f0d000 	C:\Windows\syswow64\WINTRUST.dll
0x765a0000 - 0x766bd000 	C:\Windows\syswow64\CRYPT32.dll
0x77350000 - 0x7735c000 	C:\Windows\syswow64\MSASN1.dll
0x6d6d0000 - 0x6d6d9000 	C:\Program Files (x86)\Java\jdk1.6.0_25\jre\bin\nio.dll
0x6d250000 - 0x6d273000 	C:\Program Files (x86)\Java\jdk1.6.0_25\jre\bin\dcpr.dll
0x4f0f0000 - 0x4f140000 	\\home4\dare\Homedrives\A203945\CarneCarne\lib\natives-win32\OpenAL32.dll
0x766f0000 - 0x7733a000 	C:\Windows\syswow64\SHELL32.dll
0x6faf0000 - 0x6fb62000 	C:\Windows\system32\dsound.dll
0x707c0000 - 0x707e5000 	C:\Windows\system32\POWRPROF.dll
0x6fa70000 - 0x6faa9000 	C:\Windows\System32\MMDevApi.dll
0x73450000 - 0x73545000 	C:\Windows\System32\PROPSYS.dll
0x6fa00000 - 0x6fa36000 	C:\Windows\system32\AUDIOSES.DLL
0x72000000 - 0x72007000 	C:\Windows\system32\avrt.dll

VM Arguments:
jvm_args: -Dfile.encoding=UTF-8 -Xms1024m -Djava.library.path=lib/natives-win32 
java_command: main.Main
Launcher Type: SUN_STANDARD

Environment Variables:
CLASSPATH=.;C:\Program Files (x86)\QuickTime\QTSystem\QTJava.zip
PATH=C:\Windows\system32;C:\Windows;C:\Windows\System32\Wbem;C:\Windows\System32\WindowsPowerShell\v1.0\;C:\Program Files (x86)\ATI Technologies\ATI.ACE\Core-Static;C:\Program Files\TortoiseSVN\bin;c:\Program Files (x86)\Microsoft SQL Server\100\Tools\Binn\;c:\Program Files\Microsoft SQL Server\100\Tools\Binn\;c:\Program Files\Microsoft SQL Server\100\DTS\Binn\;C:\Program Files (x86)\QuickTime\QTSystem\;C:\Program Files (x86)\Autodesk\Backburner\;C:\Program Files (x86)\Common Files\Autodesk Shared\
USERNAME=a203945
OS=Windows_NT
PROCESSOR_IDENTIFIER=Intel64 Family 6 Model 42 Stepping 7, GenuineIntel



---------------  S Y S T E M  ---------------

OS: Windows 7 Build 7601 Service Pack 1

CPU:total 8 (4 cores per cpu, 2 threads per core) family 6 model 42 stepping 7, cmov, cx8, fxsr, mmx, sse, sse2, sse3, ssse3, sse4.1, sse4.2, popcnt, ht

Memory: 4k page, physical 4099500k(823240k free), swap 8197152k(3927268k free)

vm_info: Java HotSpot(TM) Client VM (20.0-b11) for windows-x86 JRE (1.6.0_25-b06), built on Apr 14 2011 01:04:32 by "java_re" with MS VC++ 7.1 (VS2003)

time: Sun Jul 24 17:32:08 2011
elapsed time: 23 seconds

