#
# A fatal error has been detected by the Java Runtime Environment:
#
#  EXCEPTION_ACCESS_VIOLATION (0xc0000005) at pc=0x4b4f5c10, pid=5180, tid=4060
#
# JRE version: 6.0_25-b06
# Java VM: Java HotSpot(TM) Client VM (20.0-b11 mixed mode windows-x86 )
# Problematic frame:
# C  0x4b4f5c10
#
# If you would like to submit a bug report, please visit:
#   http://java.sun.com/webapps/bugreport/crash.jsp
# The crash happened outside the Java Virtual Machine in native code.
# See problematic frame for where to report the bug.
#

---------------  T H R E A D  ---------------

Current thread (0x00799800):  JavaThread "main" [_thread_in_native, id=4060, stack(0x00430000,0x00480000)]

siginfo: ExceptionCode=0xc0000005, reading address 0x4b4f5c10

Registers:
EAX=0x4b4f5c10, EBX=0x00000000, ECX=0x01020d68, EDX=0x00000000
ESP=0x0047f970, EBP=0x0047f998, ESI=0x4b4f5c10, EDI=0x00000000
EIP=0x4b4f5c10, EFLAGS=0x00210202

Top of Stack: (sp=0x0047f970)
0x0047f970:   75a06238 0012015e 00000113 0000f23e
0x0047f980:   00000000 4b4f5c10 dcbaabcd 00000000
0x0047f990:   00000000 4b4f5c10 0047fa10 75a068ea
0x0047f9a0:   4b4f5c10 0012015e 00000113 0000f23e
0x0047f9b0:   00000000 08de7bfc 0047faa0 0047fa98
0x0047f9c0:   011d2c90 00000024 00000001 00000000
0x0047f9d0:   00000000 00000030 ffffffff ffffffff
0x0047f9e0:   75a06899 00000000 00000001 00000001 

Instructions: (pc=0x4b4f5c10)
0x4b4f5bf0:   
[error occurred during error reporting (printing registers, top of stack, instructions near pc), id 0xc0000005]

Register to memory mapping:

EAX=0x4b4f5c10 is an unknown value
EBX=0x00000000 is an unknown value
ECX=0x01020d68 is an unknown value
EDX=0x00000000 is an unknown value
ESP=0x0047f970 is pointing into the stack for thread: 0x00799800
EBP=0x0047f998 is pointing into the stack for thread: 0x00799800
ESI=0x4b4f5c10 is an unknown value
EDI=0x00000000 is an unknown value


Stack: [0x00430000,0x00480000],  sp=0x0047f970,  free space=318k
Native frames: (J=compiled Java code, j=interpreted, Vv=VM code, C=native code)
C  0x4b4f5c10
C  [USER32.dll+0x168ea]  gapfnScSendMessage+0x922
C  [USER32.dll+0x17d31]  LoadStringW+0x11f
C  [USER32.dll+0x18112]  DispatchMessageA+0xf

Java frames: (J=compiled Java code, j=interpreted, Vv=VM code)
J  org.lwjgl.opengl.WindowsDisplay.nUpdate()V
J  org.lwjgl.opengl.WindowsDisplay.update()V
J  org.lwjgl.opengl.Display.processMessages()V
J  org.lwjgl.opengl.Display.update(Z)V
J  org.newdawn.slick.AppGameContainer.gameLoop()V
J  org.newdawn.slick.AppGameContainer.start()V
j  main.Main.main([Ljava/lang/String;)V+63
v  ~StubRoutines::call_stub

---------------  P R O C E S S  ---------------

Java Threads: ( => current thread )
  0x4ac95800 JavaThread "AWT-Windows" daemon [_thread_in_native, id=4236, stack(0x4b670000,0x4b6c0000)]
  0x4ac22c00 JavaThread "Java2D Disposer" daemon [_thread_blocked, id=2916, stack(0x4b2e0000,0x4b330000)]
  0x0074a400 JavaThread "Low Memory Detector" daemon [_thread_blocked, id=3360, stack(0x4aab0000,0x4ab00000)]
  0x00736000 JavaThread "C1 CompilerThread0" daemon [_thread_blocked, id=3112, stack(0x4aa20000,0x4aa70000)]
  0x00733800 JavaThread "Attach Listener" daemon [_thread_blocked, id=2924, stack(0x4a990000,0x4a9e0000)]
  0x00729000 JavaThread "Signal Dispatcher" daemon [_thread_blocked, id=5952, stack(0x4a900000,0x4a950000)]
  0x006fb800 JavaThread "Finalizer" daemon [_thread_blocked, id=5256, stack(0x4a870000,0x4a8c0000)]
  0x006fa000 JavaThread "Reference Handler" daemon [_thread_blocked, id=4340, stack(0x4a7e0000,0x4a830000)]
=>0x00799800 JavaThread "main" [_thread_in_native, id=4060, stack(0x00430000,0x00480000)]

Other Threads:
  0x006f5800 VMThread [stack: 0x4a750000,0x4a7a0000] [id=3176]
  0x00754400 WatcherThread [stack: 0x4ab40000,0x4ab90000] [id=6092]

VM state:not at safepoint (normal execution)

VM Mutex/Monitor currently owned by a thread: None

Heap
 def new generation   total 314560K, used 53972K [0x045c0000, 0x19b10000, 0x19b10000)
  eden space 279616K,  18% used [0x045c0000, 0x0790a840, 0x156d0000)
  from space 34944K,   4% used [0x156d0000, 0x1583ab68, 0x178f0000)
  to   space 34944K,   0% used [0x178f0000, 0x178f0000, 0x19b10000)
 tenured generation   total 699072K, used 15018K [0x19b10000, 0x445c0000, 0x445c0000)
   the space 699072K,   2% used [0x19b10000, 0x1a9ba9c0, 0x1a9baa00, 0x445c0000)
 compacting perm gen  total 12288K, used 11012K [0x445c0000, 0x451c0000, 0x485c0000)
   the space 12288K,  89% used [0x445c0000, 0x45081230, 0x45081400, 0x451c0000)
No shared spaces configured.

Code Cache  [0x025c0000, 0x028f0000, 0x045c0000)
 total_blobs=1828 nmethods=1539 adapters=223 free_code_cache=30234944 largest_free_block=192

Dynamic libraries:
0x00400000 - 0x00424000 	C:\Program Files (x86)\Java\jdk1.6.0_25\bin\java.exe
0x77c30000 - 0x77db0000 	C:\Windows\SysWOW64\ntdll.dll
0x758a0000 - 0x759a0000 	C:\Windows\syswow64\kernel32.dll
0x76e80000 - 0x76ec6000 	C:\Windows\syswow64\KERNELBASE.dll
0x76c50000 - 0x76cf0000 	C:\Windows\syswow64\ADVAPI32.dll
0x76f70000 - 0x7701c000 	C:\Windows\syswow64\msvcrt.dll
0x77020000 - 0x77039000 	C:\Windows\SysWOW64\sechost.dll
0x77540000 - 0x77630000 	C:\Windows\syswow64\RPCRT4.dll
0x757a0000 - 0x75800000 	C:\Windows\syswow64\SspiCli.dll
0x75790000 - 0x7579c000 	C:\Windows\syswow64\CRYPTBASE.dll
0x7c340000 - 0x7c396000 	C:\Program Files (x86)\Java\jdk1.6.0_25\jre\bin\msvcr71.dll
0x6d8a0000 - 0x6db4f000 	C:\Program Files (x86)\Java\jdk1.6.0_25\jre\bin\client\jvm.dll
0x759f0000 - 0x75af0000 	C:\Windows\syswow64\USER32.dll
0x75810000 - 0x758a0000 	C:\Windows\syswow64\GDI32.dll
0x75800000 - 0x7580a000 	C:\Windows\syswow64\LPK.dll
0x76750000 - 0x767ed000 	C:\Windows\syswow64\USP10.dll
0x73460000 - 0x73492000 	C:\Windows\system32\WINMM.dll
0x76ed0000 - 0x76f30000 	C:\Windows\system32\IMM32.DLL
0x77420000 - 0x774ec000 	C:\Windows\syswow64\MSCTF.dll
0x75060000 - 0x750ab000 	C:\Windows\system32\apphelp.dll
0x6d850000 - 0x6d85c000 	C:\Program Files (x86)\Java\jdk1.6.0_25\jre\bin\verify.dll
0x6d3d0000 - 0x6d3ef000 	C:\Program Files (x86)\Java\jdk1.6.0_25\jre\bin\java.dll
0x76740000 - 0x76745000 	C:\Windows\syswow64\PSAPI.DLL
0x6d890000 - 0x6d89f000 	C:\Program Files (x86)\Java\jdk1.6.0_25\jre\bin\zip.dll
0x4ad90000 - 0x4ae02000 	D:\carnecarne\lib\natives-win32\lwjgl.dll
0x73880000 - 0x73a1e000 	C:\Windows\WinSxS\x86_microsoft.windows.common-controls_6595b64144ccf1df_6.0.7600.16661_none_420fe3fa2b8113bd\COMCTL32.dll
0x771e0000 - 0x77237000 	C:\Windows\syswow64\SHLWAPI.dll
0x71890000 - 0x71958000 	C:\Windows\system32\OPENGL32.dll
0x72a10000 - 0x72a32000 	C:\Windows\system32\GLU32.dll
0x72580000 - 0x72667000 	C:\Windows\system32\DDRAW.dll
0x74740000 - 0x74746000 	C:\Windows\system32\DCIMAN32.dll
0x77040000 - 0x771dd000 	C:\Windows\syswow64\SETUPAPI.dll
0x759a0000 - 0x759c7000 	C:\Windows\syswow64\CFGMGR32.dll
0x77240000 - 0x772cf000 	C:\Windows\syswow64\OLEAUT32.dll
0x767f0000 - 0x7694c000 	C:\Windows\syswow64\ole32.dll
0x759d0000 - 0x759e2000 	C:\Windows\syswow64\DEVOBJ.dll
0x734c0000 - 0x734d3000 	C:\Windows\system32\dwmapi.dll
0x75670000 - 0x75679000 	C:\Windows\system32\VERSION.dll
0x6d0b0000 - 0x6d1fb000 	C:\Program Files (x86)\Java\jdk1.6.0_25\jre\bin\awt.dll
0x75610000 - 0x75661000 	C:\Windows\system32\WINSPOOL.DRV
0x75120000 - 0x75136000 	C:\Windows\system32\CRYPTSP.dll
0x750e0000 - 0x7511b000 	C:\Windows\system32\rsaenh.dll
0x75230000 - 0x75247000 	C:\Windows\system32\USERENV.dll
0x75220000 - 0x7522b000 	C:\Windows\system32\profapi.dll
0x6d6b0000 - 0x6d6c3000 	C:\Program Files (x86)\Java\jdk1.6.0_25\jre\bin\net.dll
0x769f0000 - 0x76a25000 	C:\Windows\syswow64\WS2_32.dll
0x77c00000 - 0x77c06000 	C:\Windows\syswow64\NSI.dll
0x73840000 - 0x7387c000 	C:\Windows\system32\mswsock.dll
0x73830000 - 0x73836000 	C:\Windows\System32\wship6.dll
0x74f10000 - 0x74f20000 	C:\Windows\system32\NLAapi.dll
0x75000000 - 0x75044000 	C:\Windows\system32\DNSAPI.dll
0x73a20000 - 0x73a28000 	C:\Windows\System32\winrnr.dll
0x734e0000 - 0x734f0000 	C:\Windows\system32\napinsp.dll
0x72800000 - 0x72812000 	C:\Windows\system32\pnrpnsp.dll
0x73800000 - 0x73824000 	C:\Program Files (x86)\Common Files\Microsoft Shared\Windows Live\WLIDNSP.DLL
0x74f20000 - 0x74f25000 	C:\Windows\System32\wshtcpip.dll
0x74fe0000 - 0x74ffc000 	C:\Windows\system32\IPHLPAPI.DLL
0x74fd0000 - 0x74fd7000 	C:\Windows\system32\WINNSI.DLL
0x737f0000 - 0x737f6000 	C:\Windows\system32\rasadhlp.dll
0x73640000 - 0x73678000 	C:\Windows\System32\fwpuclnt.dll
0x733e0000 - 0x73460000 	C:\Windows\system32\uxtheme.dll
0x6d2e0000 - 0x6d32f000 	C:\Program Files (x86)\Java\jdk1.6.0_25\jre\bin\fontmanager.dll
0x71030000 - 0x711f3000 	C:\Windows\system32\d3d9.dll
0x74770000 - 0x74776000 	C:\Windows\system32\d3d8thk.dll
0x4b720000 - 0x4c29f000 	C:\Windows\system32\nvd3dum.dll
0x726c0000 - 0x726e5000 	C:\Windows\system32\powrprof.dll
0x69500000 - 0x6a4d2000 	C:\Windows\system32\nvoglv32.DLL
0x76f30000 - 0x76f5d000 	C:\Windows\syswow64\WINTRUST.dll
0x772d0000 - 0x773ec000 	C:\Windows\syswow64\CRYPT32.dll
0x769e0000 - 0x769ec000 	C:\Windows\syswow64\MSASN1.dll
0x007a0000 - 0x007b3000 	D:\carnecarne\lib\natives-win32\jinput-dx8.dll
0x72550000 - 0x72580000 	C:\Windows\system32\DINPUT8.dll
0x74720000 - 0x74729000 	C:\Windows\system32\HID.DLL
0x6d6d0000 - 0x6d6d9000 	C:\Program Files (x86)\Java\jdk1.6.0_25\jre\bin\nio.dll
0x6d250000 - 0x6d273000 	C:\Program Files (x86)\Java\jdk1.6.0_25\jre\bin\dcpr.dll
0x50db0000 - 0x50e00000 	D:\carnecarne\lib\natives-win32\OpenAL32.dll
0x75af0000 - 0x76739000 	C:\Windows\syswow64\SHELL32.dll
0x716c0000 - 0x71732000 	C:\Windows\system32\dsound.dll
0x76df0000 - 0x76e73000 	C:\Windows\syswow64\CLBCatQ.DLL
0x729d0000 - 0x72a09000 	C:\Windows\System32\MMDevApi.dll
0x722f0000 - 0x723e5000 	C:\Windows\System32\PROPSYS.dll
0x72670000 - 0x726a6000 	C:\Windows\system32\AUDIOSES.DLL
0x74750000 - 0x74757000 	C:\Windows\system32\avrt.dll
0x72430000 - 0x72444000 	C:\Windows\system32\MSACM32.dll
0x71530000 - 0x71560000 	C:\Windows\system32\wdmaud.drv
0x72540000 - 0x72544000 	C:\Windows\system32\ksuser.dll
0x724b0000 - 0x724b8000 	C:\Windows\system32\msacm32.drv
0x716b0000 - 0x716b7000 	C:\Windows\system32\midimap.dll
0x65950000 - 0x65dbd000 	C:\Program Files (x86)\K-Lite Codec Pack\ffdshow\ffdshow.ax
0x76a30000 - 0x76aab000 	C:\Windows\syswow64\COMDLG32.dll
0x73ad0000 - 0x73af5000 	C:\Windows\system32\DINPUT.dll
0x74730000 - 0x7473b000 	C:\Windows\system32\msdmo.dll
0x724d0000 - 0x72537000 	C:\Windows\SysWOW64\wmvsencd.dll
0x71830000 - 0x71889000 	C:\Windows\SysWOW64\MFPlat.DLL
0x71740000 - 0x71824000 	C:\Windows\SysWOW64\wmvxencd.dll
0x707d0000 - 0x7095d000 	C:\Windows\SysWOW64\wmvencod.dll
0x72820000 - 0x7284e000 	C:\Windows\system32\mlang.dll
0x63570000 - 0x635bb000 	C:\Fraps\FRAPS32.DLL

VM Arguments:
jvm_args: -Dfile.encoding=UTF-8 -Xms1024m -Djava.library.path=lib/natives-win32 
java_command: main.Main
Launcher Type: SUN_STANDARD

Environment Variables:
PATH=C:\Program Files (x86)\NVIDIA Corporation\PhysX\Common;C:\Program Files\Common Files\Microsoft Shared\Windows Live;C:\Program Files\Autodesk\Maya2009\bin;C:\Program Files (x86)\SN Systems\Common\VSI\bin;C:\usr\local\cell\host-win32\sn\bin;C:\usr\local\cell\host-win32\spu\bin;C:\usr\local\cell\host-win32\ppu\bin;C:\usr\local\cell\host-win32\bin;C:\usr\local\cell\host-win32\Cg\bin;C:\Program Files (x86)\SN Systems\Common\bin;C:\Program Files (x86)\SN Systems\PS3\bin;C:\Windows\system32;C:\Windows;C:\Windows\System32\Wbem;C:\Windows\System32\WindowsPowerShell\v1.0\;c:\Program Files (x86)\Microsoft SQL Server\100\Tools\Binn\;c:\Program Files\Microsoft SQL Server\100\Tools\Binn\;c:\Program Files\Microsoft SQL Server\100\DTS\Binn\;C:\Program Files (x86)\NVIDIA Corporation\Cg\bin;C:\Program Files (x86)\NVIDIA Corporation\Cg\bin.x64;c:\Program Files (x86)\Microsoft SQL Server\90\Tools\binn\;C:\Program Files\TortoiseGit\bin;C:\Program Files (x86)\Git\cmd;C:\Program Files (x86)\TortoiseGit\bin;C:\Program Files (x86)\Java\jre6\bin;C:\Program Files\Common Files\Microsoft Shared\Windows Live
USERNAME=Almax
OS=Windows_NT
PROCESSOR_IDENTIFIER=Intel64 Family 6 Model 23 Stepping 7, GenuineIntel



---------------  S Y S T E M  ---------------

OS: Windows 7 Build 7600 

CPU:total 4 (4 cores per cpu, 1 threads per core) family 6 model 23 stepping 7, cmov, cx8, fxsr, mmx, sse, sse2, sse3, ssse3, sse4.1

Memory: 4k page, physical 4192824k(1976216k free), swap 8383748k(4247764k free)

vm_info: Java HotSpot(TM) Client VM (20.0-b11) for windows-x86 JRE (1.6.0_25-b06), built on Apr 14 2011 01:04:32 by "java_re" with MS VC++ 7.1 (VS2003)

time: Thu Jul 28 20:37:37 2011
elapsed time: 306 seconds

